[2020-04-07T20:51:34.396] [ERROR] errorlogger - Error: ER_WRONG_VALUE: Incorrect DATE value: ''
    at Query.Sequence._packetToError (C:\Mohan\Project work\SRK Digital Technologies\digitalentz1\node_modules\mysql\lib\protocol\sequences\Sequence.js:47:14)
    at Query.ErrorPacket (C:\Mohan\Project work\SRK Digital Technologies\digitalentz1\node_modules\mysql\lib\protocol\sequences\Query.js:79:18)
    at Protocol._parsePacket (C:\Mohan\Project work\SRK Digital Technologies\digitalentz1\node_modules\mysql\lib\protocol\Protocol.js:291:23)
    at Parser._parsePacket (C:\Mohan\Project work\SRK Digital Technologies\digitalentz1\node_modules\mysql\lib\protocol\Parser.js:433:10)
    at Parser.write (C:\Mohan\Project work\SRK Digital Technologies\digitalentz1\node_modules\mysql\lib\protocol\Parser.js:43:10)
    at Protocol.write (C:\Mohan\Project work\SRK Digital Technologies\digitalentz1\node_modules\mysql\lib\protocol\Protocol.js:38:16)
    at Socket.<anonymous> (C:\Mohan\Project work\SRK Digital Technologies\digitalentz1\node_modules\mysql\lib\Connection.js:88:28)
    at Socket.<anonymous> (C:\Mohan\Project work\SRK Digital Technologies\digitalentz1\node_modules\mysql\lib\Connection.js:526:10)
    at Socket.emit (events.js:311:20)
    at addChunk (_stream_readable.js:294:12)
    --------------------
    at Protocol._enqueue (C:\Mohan\Project work\SRK Digital Technologies\digitalentz1\node_modules\mysql\lib\protocol\Protocol.js:144:48)
    at PoolConnection.query (C:\Mohan\Project work\SRK Digital Technologies\digitalentz1\node_modules\mysql\lib\Connection.js:198:25)
    at C:\Mohan\Project work\SRK Digital Technologies\digitalentz1\server\onboard\leave.js:29:24
    at Ping.onOperationComplete (C:\Mohan\Project work\SRK Digital Technologies\digitalentz1\node_modules\mysql\lib\Pool.js:110:5)
    at Ping.<anonymous> (C:\Mohan\Project work\SRK Digital Technologies\digitalentz1\node_modules\mysql\lib\Connection.js:526:10)
    at Ping._callback (C:\Mohan\Project work\SRK Digital Technologies\digitalentz1\node_modules\mysql\lib\Connection.js:488:16)
    at Ping.Sequence.end (C:\Mohan\Project work\SRK Digital Technologies\digitalentz1\node_modules\mysql\lib\protocol\sequences\Sequence.js:83:24)
    at Ping.Sequence.OkPacket (C:\Mohan\Project work\SRK Digital Technologies\digitalentz1\node_modules\mysql\lib\protocol\sequences\Sequence.js:92:8)
    at Protocol._parsePacket (C:\Mohan\Project work\SRK Digital Technologies\digitalentz1\node_modules\mysql\lib\protocol\Protocol.js:291:23)
    at Parser._parsePacket (C:\Mohan\Project work\SRK Digital Technologies\digitalentz1\node_modules\mysql\lib\protocol\Parser.js:433:10) {
  code: 'ER_WRONG_VALUE',
  errno: 1525,
  sqlMessage: "Incorrect DATE value: ''",
  sqlState: 'HY000',
  index: 0,
  sql: "CALL hrms.HRMSP_EMLT_LEAVE_TRACK_SEARCH(0,'','','2020-04-07 8:51:34','2020-04-07 8:51:34','2020-04-07 8:51:34','','1000','This Week',@return_code,@return_message); select @return_code return_code,@return_message return_message"
}
[2020-04-07T21:08:59.436] [ERROR] errorlogger - Error: ER_WRONG_VALUE: Incorrect DATE value: ''
    at Query.Sequence._packetToError (C:\Mohan\Project work\SRK Digital Technologies\digitalentz1\node_modules\mysql\lib\protocol\sequences\Sequence.js:47:14)
    at Query.ErrorPacket (C:\Mohan\Project work\SRK Digital Technologies\digitalentz1\node_modules\mysql\lib\protocol\sequences\Query.js:79:18)
    at Protocol._parsePacket (C:\Mohan\Project work\SRK Digital Technologies\digitalentz1\node_modules\mysql\lib\protocol\Protocol.js:291:23)
    at Parser._parsePacket (C:\Mohan\Project work\SRK Digital Technologies\digitalentz1\node_modules\mysql\lib\protocol\Parser.js:433:10)
    at Parser.write (C:\Mohan\Project work\SRK Digital Technologies\digitalentz1\node_modules\mysql\lib\protocol\Parser.js:43:10)
    at Protocol.write (C:\Mohan\Project work\SRK Digital Technologies\digitalentz1\node_modules\mysql\lib\protocol\Protocol.js:38:16)
    at Socket.<anonymous> (C:\Mohan\Project work\SRK Digital Technologies\digitalentz1\node_modules\mysql\lib\Connection.js:88:28)
    at Socket.<anonymous> (C:\Mohan\Project work\SRK Digital Technologies\digitalentz1\node_modules\mysql\lib\Connection.js:526:10)
    at Socket.emit (events.js:311:20)
    at addChunk (_stream_readable.js:294:12)
    --------------------
    at Protocol._enqueue (C:\Mohan\Project work\SRK Digital Technologies\digitalentz1\node_modules\mysql\lib\protocol\Protocol.js:144:48)
    at PoolConnection.query (C:\Mohan\Project work\SRK Digital Technologies\digitalentz1\node_modules\mysql\lib\Connection.js:198:25)
    at C:\Mohan\Project work\SRK Digital Technologies\digitalentz1\server\onboard\leave.js:29:24
    at Ping.onOperationComplete (C:\Mohan\Project work\SRK Digital Technologies\digitalentz1\node_modules\mysql\lib\Pool.js:110:5)
    at Ping.<anonymous> (C:\Mohan\Project work\SRK Digital Technologies\digitalentz1\node_modules\mysql\lib\Connection.js:526:10)
    at Ping._callback (C:\Mohan\Project work\SRK Digital Technologies\digitalentz1\node_modules\mysql\lib\Connection.js:488:16)
    at Ping.Sequence.end (C:\Mohan\Project work\SRK Digital Technologies\digitalentz1\node_modules\mysql\lib\protocol\sequences\Sequence.js:83:24)
    at Ping.Sequence.OkPacket (C:\Mohan\Project work\SRK Digital Technologies\digitalentz1\node_modules\mysql\lib\protocol\sequences\Sequence.js:92:8)
    at Protocol._parsePacket (C:\Mohan\Project work\SRK Digital Technologies\digitalentz1\node_modules\mysql\lib\protocol\Protocol.js:291:23)
    at Parser._parsePacket (C:\Mohan\Project work\SRK Digital Technologies\digitalentz1\node_modules\mysql\lib\protocol\Parser.js:433:10) {
  code: 'ER_WRONG_VALUE',
  errno: 1525,
  sqlMessage: "Incorrect DATE value: ''",
  sqlState: 'HY000',
  index: 0,
  sql: "CALL hrms.HRMSP_EMLT_LEAVE_TRACK_SEARCH(0,'','','2020-04-07 9:08:59','2020-04-07 9:08:59','2020-04-07 9:08:59','','1000','This Week',@return_code,@return_message); select @return_code return_code,@return_message return_message"
}
[2020-04-07T21:20:46.838] [ERROR] errorlogger - Error: ER_WRONG_VALUE: Incorrect DATE value: ''
    at Query.Sequence._packetToError (C:\Mohan\Project work\SRK Digital Technologies\digitalentz1\node_modules\mysql\lib\protocol\sequences\Sequence.js:47:14)
    at Query.ErrorPacket (C:\Mohan\Project work\SRK Digital Technologies\digitalentz1\node_modules\mysql\lib\protocol\sequences\Query.js:79:18)
    at Protocol._parsePacket (C:\Mohan\Project work\SRK Digital Technologies\digitalentz1\node_modules\mysql\lib\protocol\Protocol.js:291:23)
    at Parser._parsePacket (C:\Mohan\Project work\SRK Digital Technologies\digitalentz1\node_modules\mysql\lib\protocol\Parser.js:433:10)
    at Parser.write (C:\Mohan\Project work\SRK Digital Technologies\digitalentz1\node_modules\mysql\lib\protocol\Parser.js:43:10)
    at Protocol.write (C:\Mohan\Project work\SRK Digital Technologies\digitalentz1\node_modules\mysql\lib\protocol\Protocol.js:38:16)
    at Socket.<anonymous> (C:\Mohan\Project work\SRK Digital Technologies\digitalentz1\node_modules\mysql\lib\Connection.js:88:28)
    at Socket.<anonymous> (C:\Mohan\Project work\SRK Digital Technologies\digitalentz1\node_modules\mysql\lib\Connection.js:526:10)
    at Socket.emit (events.js:311:20)
    at addChunk (_stream_readable.js:294:12)
    --------------------
    at Protocol._enqueue (C:\Mohan\Project work\SRK Digital Technologies\digitalentz1\node_modules\mysql\lib\protocol\Protocol.js:144:48)
    at PoolConnection.query (C:\Mohan\Project work\SRK Digital Technologies\digitalentz1\node_modules\mysql\lib\Connection.js:198:25)
    at C:\Mohan\Project work\SRK Digital Technologies\digitalentz1\server\onboard\leave.js:29:24
    at Ping.onOperationComplete (C:\Mohan\Project work\SRK Digital Technologies\digitalentz1\node_modules\mysql\lib\Pool.js:110:5)
    at Ping.<anonymous> (C:\Mohan\Project work\SRK Digital Technologies\digitalentz1\node_modules\mysql\lib\Connection.js:526:10)
    at Ping._callback (C:\Mohan\Project work\SRK Digital Technologies\digitalentz1\node_modules\mysql\lib\Connection.js:488:16)
    at Ping.Sequence.end (C:\Mohan\Project work\SRK Digital Technologies\digitalentz1\node_modules\mysql\lib\protocol\sequences\Sequence.js:83:24)
    at Ping.Sequence.OkPacket (C:\Mohan\Project work\SRK Digital Technologies\digitalentz1\node_modules\mysql\lib\protocol\sequences\Sequence.js:92:8)
    at Protocol._parsePacket (C:\Mohan\Project work\SRK Digital Technologies\digitalentz1\node_modules\mysql\lib\protocol\Protocol.js:291:23)
    at Parser._parsePacket (C:\Mohan\Project work\SRK Digital Technologies\digitalentz1\node_modules\mysql\lib\protocol\Parser.js:433:10) {
  code: 'ER_WRONG_VALUE',
  errno: 1525,
  sqlMessage: "Incorrect DATE value: ''",
  sqlState: 'HY000',
  index: 1,
  sql: "CALL hrms.HRMSP_EMLT_LEAVE_TRACK_SEARCH(0,'','','2020-04-07','2020-04-07','2020-04-07','','1000','This Week',@return_code,@return_message); select @return_code return_code,@return_message return_message"
}
[2020-04-07T21:30:18.015] [ERROR] users - call SYS_SERU_USERROLE_GET(?)
[2020-04-07T21:30:30.429] [INFO] users - IN_SEUS_ID from request: 937
[2020-04-07T22:52:09.153] [ERROR] errorlogger - Error: ER_BAD_FIELD_ERROR: Unknown column 'value' in 'field list'
    at Query.Sequence._packetToError (C:\Mohan\Project work\SRK Digital Technologies\digitalentz1\node_modules\mysql\lib\protocol\sequences\Sequence.js:47:14)
    at Query.ErrorPacket (C:\Mohan\Project work\SRK Digital Technologies\digitalentz1\node_modules\mysql\lib\protocol\sequences\Query.js:79:18)
    at Protocol._parsePacket (C:\Mohan\Project work\SRK Digital Technologies\digitalentz1\node_modules\mysql\lib\protocol\Protocol.js:291:23)
    at Parser._parsePacket (C:\Mohan\Project work\SRK Digital Technologies\digitalentz1\node_modules\mysql\lib\protocol\Parser.js:433:10)
    at Parser.write (C:\Mohan\Project work\SRK Digital Technologies\digitalentz1\node_modules\mysql\lib\protocol\Parser.js:43:10)
    at Protocol.write (C:\Mohan\Project work\SRK Digital Technologies\digitalentz1\node_modules\mysql\lib\protocol\Protocol.js:38:16)
    at Socket.<anonymous> (C:\Mohan\Project work\SRK Digital Technologies\digitalentz1\node_modules\mysql\lib\Connection.js:88:28)
    at Socket.<anonymous> (C:\Mohan\Project work\SRK Digital Technologies\digitalentz1\node_modules\mysql\lib\Connection.js:526:10)
    at Socket.emit (events.js:311:20)
    at addChunk (_stream_readable.js:294:12)
    --------------------
    at Protocol._enqueue (C:\Mohan\Project work\SRK Digital Technologies\digitalentz1\node_modules\mysql\lib\protocol\Protocol.js:144:48)
    at PoolConnection.query (C:\Mohan\Project work\SRK Digital Technologies\digitalentz1\node_modules\mysql\lib\Connection.js:198:25)
    at C:\Mohan\Project work\SRK Digital Technologies\digitalentz1\server\onboard\leave.js:29:24
    at Ping.onOperationComplete (C:\Mohan\Project work\SRK Digital Technologies\digitalentz1\node_modules\mysql\lib\Pool.js:110:5)
    at Ping.<anonymous> (C:\Mohan\Project work\SRK Digital Technologies\digitalentz1\node_modules\mysql\lib\Connection.js:526:10)
    at Ping._callback (C:\Mohan\Project work\SRK Digital Technologies\digitalentz1\node_modules\mysql\lib\Connection.js:488:16)
    at Ping.Sequence.end (C:\Mohan\Project work\SRK Digital Technologies\digitalentz1\node_modules\mysql\lib\protocol\sequences\Sequence.js:83:24)
    at Ping.Sequence.OkPacket (C:\Mohan\Project work\SRK Digital Technologies\digitalentz1\node_modules\mysql\lib\protocol\sequences\Sequence.js:92:8)
    at Protocol._parsePacket (C:\Mohan\Project work\SRK Digital Technologies\digitalentz1\node_modules\mysql\lib\protocol\Protocol.js:291:23)
    at Parser._parsePacket (C:\Mohan\Project work\SRK Digital Technologies\digitalentz1\node_modules\mysql\lib\protocol\Parser.js:433:10) {
  code: 'ER_BAD_FIELD_ERROR',
  errno: 1054,
  sqlMessage: "Unknown column 'value' in 'field list'",
  sqlState: '42S22',
  index: 0,
  sql: "CALL hrms.HRMSP_EMLT_LEAVE_TRACK_SEARCH(0,'','','2020-04-07','2020-04-07','2020-04-07','','1000',`value` = 'This Week',@return_code,@return_message); select @return_code return_code,@return_message return_message"
}
[2020-04-07T22:53:00.251] [ERROR] errorlogger - Error: ER_BAD_FIELD_ERROR: Unknown column 'value' in 'field list'
    at Query.Sequence._packetToError (C:\Mohan\Project work\SRK Digital Technologies\digitalentz1\node_modules\mysql\lib\protocol\sequences\Sequence.js:47:14)
    at Query.ErrorPacket (C:\Mohan\Project work\SRK Digital Technologies\digitalentz1\node_modules\mysql\lib\protocol\sequences\Query.js:79:18)
    at Protocol._parsePacket (C:\Mohan\Project work\SRK Digital Technologies\digitalentz1\node_modules\mysql\lib\protocol\Protocol.js:291:23)
    at Parser._parsePacket (C:\Mohan\Project work\SRK Digital Technologies\digitalentz1\node_modules\mysql\lib\protocol\Parser.js:433:10)
    at Parser.write (C:\Mohan\Project work\SRK Digital Technologies\digitalentz1\node_modules\mysql\lib\protocol\Parser.js:43:10)
    at Protocol.write (C:\Mohan\Project work\SRK Digital Technologies\digitalentz1\node_modules\mysql\lib\protocol\Protocol.js:38:16)
    at Socket.<anonymous> (C:\Mohan\Project work\SRK Digital Technologies\digitalentz1\node_modules\mysql\lib\Connection.js:88:28)
    at Socket.<anonymous> (C:\Mohan\Project work\SRK Digital Technologies\digitalentz1\node_modules\mysql\lib\Connection.js:526:10)
    at Socket.emit (events.js:311:20)
    at addChunk (_stream_readable.js:294:12)
    --------------------
    at Protocol._enqueue (C:\Mohan\Project work\SRK Digital Technologies\digitalentz1\node_modules\mysql\lib\protocol\Protocol.js:144:48)
    at PoolConnection.query (C:\Mohan\Project work\SRK Digital Technologies\digitalentz1\node_modules\mysql\lib\Connection.js:198:25)
    at C:\Mohan\Project work\SRK Digital Technologies\digitalentz1\server\onboard\leave.js:29:24
    at Ping.onOperationComplete (C:\Mohan\Project work\SRK Digital Technologies\digitalentz1\node_modules\mysql\lib\Pool.js:110:5)
    at Ping.<anonymous> (C:\Mohan\Project work\SRK Digital Technologies\digitalentz1\node_modules\mysql\lib\Connection.js:526:10)
    at Ping._callback (C:\Mohan\Project work\SRK Digital Technologies\digitalentz1\node_modules\mysql\lib\Connection.js:488:16)
    at Ping.Sequence.end (C:\Mohan\Project work\SRK Digital Technologies\digitalentz1\node_modules\mysql\lib\protocol\sequences\Sequence.js:83:24)
    at Ping.Sequence.OkPacket (C:\Mohan\Project work\SRK Digital Technologies\digitalentz1\node_modules\mysql\lib\protocol\sequences\Sequence.js:92:8)
    at Protocol._parsePacket (C:\Mohan\Project work\SRK Digital Technologies\digitalentz1\node_modules\mysql\lib\protocol\Protocol.js:291:23)
    at Parser._parsePacket (C:\Mohan\Project work\SRK Digital Technologies\digitalentz1\node_modules\mysql\lib\protocol\Parser.js:433:10) {
  code: 'ER_BAD_FIELD_ERROR',
  errno: 1054,
  sqlMessage: "Unknown column 'value' in 'field list'",
  sqlState: '42S22',
  index: 0,
  sql: "CALL hrms.HRMSP_EMLT_LEAVE_TRACK_SEARCH(0,'','','2020-04-07','2020-04-07','2020-04-07','','1000',`value` = 'This Week',@return_code,@return_message); select @return_code return_code,@return_message return_message"
}
[2020-04-07T23:40:27.133] [ERROR] logger - null
[2020-04-07T23:40:27.163] [ERROR] logger - null
[2020-04-07T23:40:27.224] [ERROR] logger - null
[2020-04-07T23:40:27.233] [ERROR] logger - null
[2020-04-07T23:40:27.579] [ERROR] errorlogger - Error: ER_SP_DOES_NOT_EXIST: PROCEDURE product.PRDSP_METADATA_GET does not exist
    at Query.Sequence._packetToError (C:\Mohan\Project work\SRK Digital Technologies\digitalentz1\node_modules\mysql\lib\protocol\sequences\Sequence.js:47:14)
    at Query.ErrorPacket (C:\Mohan\Project work\SRK Digital Technologies\digitalentz1\node_modules\mysql\lib\protocol\sequences\Query.js:79:18)
    at Protocol._parsePacket (C:\Mohan\Project work\SRK Digital Technologies\digitalentz1\node_modules\mysql\lib\protocol\Protocol.js:291:23)
    at Parser._parsePacket (C:\Mohan\Project work\SRK Digital Technologies\digitalentz1\node_modules\mysql\lib\protocol\Parser.js:433:10)
    at Parser.write (C:\Mohan\Project work\SRK Digital Technologies\digitalentz1\node_modules\mysql\lib\protocol\Parser.js:43:10)
    at Protocol.write (C:\Mohan\Project work\SRK Digital Technologies\digitalentz1\node_modules\mysql\lib\protocol\Protocol.js:38:16)
    at Socket.<anonymous> (C:\Mohan\Project work\SRK Digital Technologies\digitalentz1\node_modules\mysql\lib\Connection.js:88:28)
    at Socket.<anonymous> (C:\Mohan\Project work\SRK Digital Technologies\digitalentz1\node_modules\mysql\lib\Connection.js:526:10)
    at Socket.emit (events.js:311:20)
    at addChunk (_stream_readable.js:294:12)
    --------------------
    at Protocol._enqueue (C:\Mohan\Project work\SRK Digital Technologies\digitalentz1\node_modules\mysql\lib\protocol\Protocol.js:144:48)
    at PoolConnection.query (C:\Mohan\Project work\SRK Digital Technologies\digitalentz1\node_modules\mysql\lib\Connection.js:198:25)
    at C:\Mohan\Project work\SRK Digital Technologies\digitalentz1\server\product\metadata.js:133:24
    at Ping.onOperationComplete (C:\Mohan\Project work\SRK Digital Technologies\digitalentz1\node_modules\mysql\lib\Pool.js:110:5)
    at Ping.<anonymous> (C:\Mohan\Project work\SRK Digital Technologies\digitalentz1\node_modules\mysql\lib\Connection.js:526:10)
    at Ping._callback (C:\Mohan\Project work\SRK Digital Technologies\digitalentz1\node_modules\mysql\lib\Connection.js:488:16)
    at Ping.Sequence.end (C:\Mohan\Project work\SRK Digital Technologies\digitalentz1\node_modules\mysql\lib\protocol\sequences\Sequence.js:83:24)
    at Ping.Sequence.OkPacket (C:\Mohan\Project work\SRK Digital Technologies\digitalentz1\node_modules\mysql\lib\protocol\sequences\Sequence.js:92:8)
    at Protocol._parsePacket (C:\Mohan\Project work\SRK Digital Technologies\digitalentz1\node_modules\mysql\lib\protocol\Protocol.js:291:23)
    at Parser._parsePacket (C:\Mohan\Project work\SRK Digital Technologies\digitalentz1\node_modules\mysql\lib\protocol\Parser.js:433:10) {
  code: 'ER_SP_DOES_NOT_EXIST',
  errno: 1305,
  sqlMessage: 'PROCEDURE product.PRDSP_METADATA_GET does not exist',
  sqlState: '42000',
  index: 0,
  sql: "CALL product.PRDSP_METADATA_GET('system','sys_sesq_autosequence','SESQ_SEQUENCE','1000',@return_code,@return_message); select @return_code return_code,@return_message return_message"
}
[2020-04-07T23:40:27.636] [ERROR] personaldetails - null
[2020-04-07T23:42:13.665] [ERROR] logger - null
[2020-04-07T23:42:13.725] [ERROR] logger - null
[2020-04-07T23:42:13.727] [ERROR] logger - null
[2020-04-07T23:42:14.035] [ERROR] logger - null
[2020-04-07T23:42:14.482] [ERROR] errorlogger - Error: ER_SP_DOES_NOT_EXIST: PROCEDURE product.PRDSP_METADATA_GET does not exist
    at Query.Sequence._packetToError (C:\Mohan\Project work\SRK Digital Technologies\digitalentz1\node_modules\mysql\lib\protocol\sequences\Sequence.js:47:14)
    at Query.ErrorPacket (C:\Mohan\Project work\SRK Digital Technologies\digitalentz1\node_modules\mysql\lib\protocol\sequences\Query.js:79:18)
    at Protocol._parsePacket (C:\Mohan\Project work\SRK Digital Technologies\digitalentz1\node_modules\mysql\lib\protocol\Protocol.js:291:23)
    at Parser._parsePacket (C:\Mohan\Project work\SRK Digital Technologies\digitalentz1\node_modules\mysql\lib\protocol\Parser.js:433:10)
    at Parser.write (C:\Mohan\Project work\SRK Digital Technologies\digitalentz1\node_modules\mysql\lib\protocol\Parser.js:43:10)
    at Protocol.write (C:\Mohan\Project work\SRK Digital Technologies\digitalentz1\node_modules\mysql\lib\protocol\Protocol.js:38:16)
    at Socket.<anonymous> (C:\Mohan\Project work\SRK Digital Technologies\digitalentz1\node_modules\mysql\lib\Connection.js:88:28)
    at Socket.<anonymous> (C:\Mohan\Project work\SRK Digital Technologies\digitalentz1\node_modules\mysql\lib\Connection.js:526:10)
    at Socket.emit (events.js:311:20)
    at addChunk (_stream_readable.js:294:12)
    --------------------
    at Protocol._enqueue (C:\Mohan\Project work\SRK Digital Technologies\digitalentz1\node_modules\mysql\lib\protocol\Protocol.js:144:48)
    at PoolConnection.query (C:\Mohan\Project work\SRK Digital Technologies\digitalentz1\node_modules\mysql\lib\Connection.js:198:25)
    at C:\Mohan\Project work\SRK Digital Technologies\digitalentz1\server\product\metadata.js:133:24
    at Ping.onOperationComplete (C:\Mohan\Project work\SRK Digital Technologies\digitalentz1\node_modules\mysql\lib\Pool.js:110:5)
    at Ping.<anonymous> (C:\Mohan\Project work\SRK Digital Technologies\digitalentz1\node_modules\mysql\lib\Connection.js:526:10)
    at Ping._callback (C:\Mohan\Project work\SRK Digital Technologies\digitalentz1\node_modules\mysql\lib\Connection.js:488:16)
    at Ping.Sequence.end (C:\Mohan\Project work\SRK Digital Technologies\digitalentz1\node_modules\mysql\lib\protocol\sequences\Sequence.js:83:24)
    at Ping.Sequence.OkPacket (C:\Mohan\Project work\SRK Digital Technologies\digitalentz1\node_modules\mysql\lib\protocol\sequences\Sequence.js:92:8)
    at Protocol._parsePacket (C:\Mohan\Project work\SRK Digital Technologies\digitalentz1\node_modules\mysql\lib\protocol\Protocol.js:291:23)
    at Parser._parsePacket (C:\Mohan\Project work\SRK Digital Technologies\digitalentz1\node_modules\mysql\lib\protocol\Parser.js:433:10) {
  code: 'ER_SP_DOES_NOT_EXIST',
  errno: 1305,
  sqlMessage: 'PROCEDURE product.PRDSP_METADATA_GET does not exist',
  sqlState: '42000',
  index: 0,
  sql: "CALL product.PRDSP_METADATA_GET('system','sys_sesq_autosequence','SESQ_SEQUENCE','1000',@return_code,@return_message); select @return_code return_code,@return_message return_message"
}
[2020-04-07T23:42:14.639] [ERROR] personaldetails - null
[2020-04-07T23:44:14.667] [ERROR] logger - null
[2020-04-07T23:44:14.703] [ERROR] logger - null
[2020-04-07T23:44:14.705] [ERROR] logger - null
[2020-04-07T23:44:14.800] [ERROR] logger - null
[2020-04-07T23:44:16.063] [ERROR] errorlogger - Error: ER_SP_DOES_NOT_EXIST: PROCEDURE product.PRDSP_METADATA_GET does not exist
    at Query.Sequence._packetToError (C:\Mohan\Project work\SRK Digital Technologies\digitalentz1\node_modules\mysql\lib\protocol\sequences\Sequence.js:47:14)
    at Query.ErrorPacket (C:\Mohan\Project work\SRK Digital Technologies\digitalentz1\node_modules\mysql\lib\protocol\sequences\Query.js:79:18)
    at Protocol._parsePacket (C:\Mohan\Project work\SRK Digital Technologies\digitalentz1\node_modules\mysql\lib\protocol\Protocol.js:291:23)
    at Parser._parsePacket (C:\Mohan\Project work\SRK Digital Technologies\digitalentz1\node_modules\mysql\lib\protocol\Parser.js:433:10)
    at Parser.write (C:\Mohan\Project work\SRK Digital Technologies\digitalentz1\node_modules\mysql\lib\protocol\Parser.js:43:10)
    at Protocol.write (C:\Mohan\Project work\SRK Digital Technologies\digitalentz1\node_modules\mysql\lib\protocol\Protocol.js:38:16)
    at Socket.<anonymous> (C:\Mohan\Project work\SRK Digital Technologies\digitalentz1\node_modules\mysql\lib\Connection.js:88:28)
    at Socket.<anonymous> (C:\Mohan\Project work\SRK Digital Technologies\digitalentz1\node_modules\mysql\lib\Connection.js:526:10)
    at Socket.emit (events.js:311:20)
    at addChunk (_stream_readable.js:294:12)
    --------------------
    at Protocol._enqueue (C:\Mohan\Project work\SRK Digital Technologies\digitalentz1\node_modules\mysql\lib\protocol\Protocol.js:144:48)
    at PoolConnection.query (C:\Mohan\Project work\SRK Digital Technologies\digitalentz1\node_modules\mysql\lib\Connection.js:198:25)
    at C:\Mohan\Project work\SRK Digital Technologies\digitalentz1\server\product\metadata.js:133:24
    at Ping.onOperationComplete (C:\Mohan\Project work\SRK Digital Technologies\digitalentz1\node_modules\mysql\lib\Pool.js:110:5)
    at Ping.<anonymous> (C:\Mohan\Project work\SRK Digital Technologies\digitalentz1\node_modules\mysql\lib\Connection.js:526:10)
    at Ping._callback (C:\Mohan\Project work\SRK Digital Technologies\digitalentz1\node_modules\mysql\lib\Connection.js:488:16)
    at Ping.Sequence.end (C:\Mohan\Project work\SRK Digital Technologies\digitalentz1\node_modules\mysql\lib\protocol\sequences\Sequence.js:83:24)
    at Ping.Sequence.OkPacket (C:\Mohan\Project work\SRK Digital Technologies\digitalentz1\node_modules\mysql\lib\protocol\sequences\Sequence.js:92:8)
    at Protocol._parsePacket (C:\Mohan\Project work\SRK Digital Technologies\digitalentz1\node_modules\mysql\lib\protocol\Protocol.js:291:23)
    at Parser._parsePacket (C:\Mohan\Project work\SRK Digital Technologies\digitalentz1\node_modules\mysql\lib\protocol\Parser.js:433:10) {
  code: 'ER_SP_DOES_NOT_EXIST',
  errno: 1305,
  sqlMessage: 'PROCEDURE product.PRDSP_METADATA_GET does not exist',
  sqlState: '42000',
  index: 0,
  sql: "CALL product.PRDSP_METADATA_GET('system','sys_sesq_autosequence','SESQ_SEQUENCE','1000',@return_code,@return_message); select @return_code return_code,@return_message return_message"
}
[2020-04-07T23:44:16.359] [ERROR] personaldetails - null
[2020-04-07T23:44:59.470] [ERROR] logger - null
[2020-04-07T23:44:59.647] [ERROR] logger - null
[2020-04-07T23:44:59.682] [ERROR] logger - null
[2020-04-07T23:44:59.697] [ERROR] logger - null
[2020-04-07T23:45:02.147] [ERROR] personaldetails - null
[2020-04-07T23:45:02.165] [ERROR] errorlogger - Error: ER_SP_DOES_NOT_EXIST: PROCEDURE product.PRDSP_METADATA_GET does not exist
    at Query.Sequence._packetToError (C:\Mohan\Project work\SRK Digital Technologies\digitalentz1\node_modules\mysql\lib\protocol\sequences\Sequence.js:47:14)
    at Query.ErrorPacket (C:\Mohan\Project work\SRK Digital Technologies\digitalentz1\node_modules\mysql\lib\protocol\sequences\Query.js:79:18)
    at Protocol._parsePacket (C:\Mohan\Project work\SRK Digital Technologies\digitalentz1\node_modules\mysql\lib\protocol\Protocol.js:291:23)
    at Parser._parsePacket (C:\Mohan\Project work\SRK Digital Technologies\digitalentz1\node_modules\mysql\lib\protocol\Parser.js:433:10)
    at Parser.write (C:\Mohan\Project work\SRK Digital Technologies\digitalentz1\node_modules\mysql\lib\protocol\Parser.js:43:10)
    at Protocol.write (C:\Mohan\Project work\SRK Digital Technologies\digitalentz1\node_modules\mysql\lib\protocol\Protocol.js:38:16)
    at Socket.<anonymous> (C:\Mohan\Project work\SRK Digital Technologies\digitalentz1\node_modules\mysql\lib\Connection.js:88:28)
    at Socket.<anonymous> (C:\Mohan\Project work\SRK Digital Technologies\digitalentz1\node_modules\mysql\lib\Connection.js:526:10)
    at Socket.emit (events.js:311:20)
    at addChunk (_stream_readable.js:294:12)
    --------------------
    at Protocol._enqueue (C:\Mohan\Project work\SRK Digital Technologies\digitalentz1\node_modules\mysql\lib\protocol\Protocol.js:144:48)
    at PoolConnection.query (C:\Mohan\Project work\SRK Digital Technologies\digitalentz1\node_modules\mysql\lib\Connection.js:198:25)
    at C:\Mohan\Project work\SRK Digital Technologies\digitalentz1\server\product\metadata.js:133:24
    at Ping.onOperationComplete (C:\Mohan\Project work\SRK Digital Technologies\digitalentz1\node_modules\mysql\lib\Pool.js:110:5)
    at Ping.<anonymous> (C:\Mohan\Project work\SRK Digital Technologies\digitalentz1\node_modules\mysql\lib\Connection.js:526:10)
    at Ping._callback (C:\Mohan\Project work\SRK Digital Technologies\digitalentz1\node_modules\mysql\lib\Connection.js:488:16)
    at Ping.Sequence.end (C:\Mohan\Project work\SRK Digital Technologies\digitalentz1\node_modules\mysql\lib\protocol\sequences\Sequence.js:83:24)
    at Ping.Sequence.OkPacket (C:\Mohan\Project work\SRK Digital Technologies\digitalentz1\node_modules\mysql\lib\protocol\sequences\Sequence.js:92:8)
    at Protocol._parsePacket (C:\Mohan\Project work\SRK Digital Technologies\digitalentz1\node_modules\mysql\lib\protocol\Protocol.js:291:23)
    at Parser._parsePacket (C:\Mohan\Project work\SRK Digital Technologies\digitalentz1\node_modules\mysql\lib\protocol\Parser.js:433:10) {
  code: 'ER_SP_DOES_NOT_EXIST',
  errno: 1305,
  sqlMessage: 'PROCEDURE product.PRDSP_METADATA_GET does not exist',
  sqlState: '42000',
  index: 0,
  sql: "CALL product.PRDSP_METADATA_GET('system','sys_sesq_autosequence','SESQ_SEQUENCE','1000',@return_code,@return_message); select @return_code return_code,@return_message return_message"
}
[2020-04-07T23:45:19.514] [ERROR] logger - null
[2020-04-07T23:45:19.515] [ERROR] logger - null
[2020-04-07T23:45:19.516] [ERROR] logger - null
[2020-04-07T23:45:19.572] [ERROR] logger - null
[2020-04-07T23:45:20.296] [ERROR] errorlogger - Error: ER_SP_DOES_NOT_EXIST: PROCEDURE product.PRDSP_METADATA_GET does not exist
    at Query.Sequence._packetToError (C:\Mohan\Project work\SRK Digital Technologies\digitalentz1\node_modules\mysql\lib\protocol\sequences\Sequence.js:47:14)
    at Query.ErrorPacket (C:\Mohan\Project work\SRK Digital Technologies\digitalentz1\node_modules\mysql\lib\protocol\sequences\Query.js:79:18)
    at Protocol._parsePacket (C:\Mohan\Project work\SRK Digital Technologies\digitalentz1\node_modules\mysql\lib\protocol\Protocol.js:291:23)
    at Parser._parsePacket (C:\Mohan\Project work\SRK Digital Technologies\digitalentz1\node_modules\mysql\lib\protocol\Parser.js:433:10)
    at Parser.write (C:\Mohan\Project work\SRK Digital Technologies\digitalentz1\node_modules\mysql\lib\protocol\Parser.js:43:10)
    at Protocol.write (C:\Mohan\Project work\SRK Digital Technologies\digitalentz1\node_modules\mysql\lib\protocol\Protocol.js:38:16)
    at Socket.<anonymous> (C:\Mohan\Project work\SRK Digital Technologies\digitalentz1\node_modules\mysql\lib\Connection.js:88:28)
    at Socket.<anonymous> (C:\Mohan\Project work\SRK Digital Technologies\digitalentz1\node_modules\mysql\lib\Connection.js:526:10)
    at Socket.emit (events.js:311:20)
    at addChunk (_stream_readable.js:294:12)
    --------------------
    at Protocol._enqueue (C:\Mohan\Project work\SRK Digital Technologies\digitalentz1\node_modules\mysql\lib\protocol\Protocol.js:144:48)
    at PoolConnection.query (C:\Mohan\Project work\SRK Digital Technologies\digitalentz1\node_modules\mysql\lib\Connection.js:198:25)
    at C:\Mohan\Project work\SRK Digital Technologies\digitalentz1\server\product\metadata.js:133:24
    at Ping.onOperationComplete (C:\Mohan\Project work\SRK Digital Technologies\digitalentz1\node_modules\mysql\lib\Pool.js:110:5)
    at Ping.<anonymous> (C:\Mohan\Project work\SRK Digital Technologies\digitalentz1\node_modules\mysql\lib\Connection.js:526:10)
    at Ping._callback (C:\Mohan\Project work\SRK Digital Technologies\digitalentz1\node_modules\mysql\lib\Connection.js:488:16)
    at Ping.Sequence.end (C:\Mohan\Project work\SRK Digital Technologies\digitalentz1\node_modules\mysql\lib\protocol\sequences\Sequence.js:83:24)
    at Ping.Sequence.OkPacket (C:\Mohan\Project work\SRK Digital Technologies\digitalentz1\node_modules\mysql\lib\protocol\sequences\Sequence.js:92:8)
    at Protocol._parsePacket (C:\Mohan\Project work\SRK Digital Technologies\digitalentz1\node_modules\mysql\lib\protocol\Protocol.js:291:23)
    at Parser._parsePacket (C:\Mohan\Project work\SRK Digital Technologies\digitalentz1\node_modules\mysql\lib\protocol\Parser.js:433:10) {
  code: 'ER_SP_DOES_NOT_EXIST',
  errno: 1305,
  sqlMessage: 'PROCEDURE product.PRDSP_METADATA_GET does not exist',
  sqlState: '42000',
  index: 0,
  sql: "CALL product.PRDSP_METADATA_GET('system','sys_sesq_autosequence','SESQ_SEQUENCE','1000',@return_code,@return_message); select @return_code return_code,@return_message return_message"
}
[2020-04-07T23:45:20.335] [ERROR] personaldetails - null
[2020-04-07T23:47:00.483] [ERROR] logger - null
[2020-04-07T23:47:00.634] [ERROR] logger - null
[2020-04-07T23:47:00.642] [ERROR] logger - null
[2020-04-07T23:47:00.733] [ERROR] logger - null
[2020-04-07T23:47:01.534] [ERROR] personaldetails - null
[2020-04-07T23:47:01.574] [ERROR] errorlogger - Error: ER_SP_DOES_NOT_EXIST: PROCEDURE product.PRDSP_METADATA_GET does not exist
    at Query.Sequence._packetToError (C:\Mohan\Project work\SRK Digital Technologies\digitalentz1\node_modules\mysql\lib\protocol\sequences\Sequence.js:47:14)
    at Query.ErrorPacket (C:\Mohan\Project work\SRK Digital Technologies\digitalentz1\node_modules\mysql\lib\protocol\sequences\Query.js:79:18)
    at Protocol._parsePacket (C:\Mohan\Project work\SRK Digital Technologies\digitalentz1\node_modules\mysql\lib\protocol\Protocol.js:291:23)
    at Parser._parsePacket (C:\Mohan\Project work\SRK Digital Technologies\digitalentz1\node_modules\mysql\lib\protocol\Parser.js:433:10)
    at Parser.write (C:\Mohan\Project work\SRK Digital Technologies\digitalentz1\node_modules\mysql\lib\protocol\Parser.js:43:10)
    at Protocol.write (C:\Mohan\Project work\SRK Digital Technologies\digitalentz1\node_modules\mysql\lib\protocol\Protocol.js:38:16)
    at Socket.<anonymous> (C:\Mohan\Project work\SRK Digital Technologies\digitalentz1\node_modules\mysql\lib\Connection.js:88:28)
    at Socket.<anonymous> (C:\Mohan\Project work\SRK Digital Technologies\digitalentz1\node_modules\mysql\lib\Connection.js:526:10)
    at Socket.emit (events.js:311:20)
    at addChunk (_stream_readable.js:294:12)
    --------------------
    at Protocol._enqueue (C:\Mohan\Project work\SRK Digital Technologies\digitalentz1\node_modules\mysql\lib\protocol\Protocol.js:144:48)
    at PoolConnection.query (C:\Mohan\Project work\SRK Digital Technologies\digitalentz1\node_modules\mysql\lib\Connection.js:198:25)
    at C:\Mohan\Project work\SRK Digital Technologies\digitalentz1\server\product\metadata.js:133:24
    at Ping.onOperationComplete (C:\Mohan\Project work\SRK Digital Technologies\digitalentz1\node_modules\mysql\lib\Pool.js:110:5)
    at Ping.<anonymous> (C:\Mohan\Project work\SRK Digital Technologies\digitalentz1\node_modules\mysql\lib\Connection.js:526:10)
    at Ping._callback (C:\Mohan\Project work\SRK Digital Technologies\digitalentz1\node_modules\mysql\lib\Connection.js:488:16)
    at Ping.Sequence.end (C:\Mohan\Project work\SRK Digital Technologies\digitalentz1\node_modules\mysql\lib\protocol\sequences\Sequence.js:83:24)
    at Ping.Sequence.OkPacket (C:\Mohan\Project work\SRK Digital Technologies\digitalentz1\node_modules\mysql\lib\protocol\sequences\Sequence.js:92:8)
    at Protocol._parsePacket (C:\Mohan\Project work\SRK Digital Technologies\digitalentz1\node_modules\mysql\lib\protocol\Protocol.js:291:23)
    at Parser._parsePacket (C:\Mohan\Project work\SRK Digital Technologies\digitalentz1\node_modules\mysql\lib\protocol\Parser.js:433:10) {
  code: 'ER_SP_DOES_NOT_EXIST',
  errno: 1305,
  sqlMessage: 'PROCEDURE product.PRDSP_METADATA_GET does not exist',
  sqlState: '42000',
  index: 0,
  sql: "CALL product.PRDSP_METADATA_GET('system','sys_sesq_autosequence','SESQ_SEQUENCE','1000',@return_code,@return_message); select @return_code return_code,@return_message return_message"
}
[2020-04-07T23:47:51.143] [ERROR] logger - null
[2020-04-07T23:47:51.185] [ERROR] logger - null
[2020-04-07T23:47:51.241] [ERROR] logger - null
[2020-04-07T23:47:51.275] [ERROR] logger - null
[2020-04-07T23:47:53.658] [ERROR] errorlogger - Error: ER_SP_DOES_NOT_EXIST: PROCEDURE product.PRDSP_METADATA_GET does not exist
    at Query.Sequence._packetToError (C:\Mohan\Project work\SRK Digital Technologies\digitalentz1\node_modules\mysql\lib\protocol\sequences\Sequence.js:47:14)
    at Query.ErrorPacket (C:\Mohan\Project work\SRK Digital Technologies\digitalentz1\node_modules\mysql\lib\protocol\sequences\Query.js:79:18)
    at Protocol._parsePacket (C:\Mohan\Project work\SRK Digital Technologies\digitalentz1\node_modules\mysql\lib\protocol\Protocol.js:291:23)
    at Parser._parsePacket (C:\Mohan\Project work\SRK Digital Technologies\digitalentz1\node_modules\mysql\lib\protocol\Parser.js:433:10)
    at Parser.write (C:\Mohan\Project work\SRK Digital Technologies\digitalentz1\node_modules\mysql\lib\protocol\Parser.js:43:10)
    at Protocol.write (C:\Mohan\Project work\SRK Digital Technologies\digitalentz1\node_modules\mysql\lib\protocol\Protocol.js:38:16)
    at Socket.<anonymous> (C:\Mohan\Project work\SRK Digital Technologies\digitalentz1\node_modules\mysql\lib\Connection.js:88:28)
    at Socket.<anonymous> (C:\Mohan\Project work\SRK Digital Technologies\digitalentz1\node_modules\mysql\lib\Connection.js:526:10)
    at Socket.emit (events.js:311:20)
    at addChunk (_stream_readable.js:294:12)
    --------------------
    at Protocol._enqueue (C:\Mohan\Project work\SRK Digital Technologies\digitalentz1\node_modules\mysql\lib\protocol\Protocol.js:144:48)
    at PoolConnection.query (C:\Mohan\Project work\SRK Digital Technologies\digitalentz1\node_modules\mysql\lib\Connection.js:198:25)
    at C:\Mohan\Project work\SRK Digital Technologies\digitalentz1\server\product\metadata.js:133:24
    at Ping.onOperationComplete (C:\Mohan\Project work\SRK Digital Technologies\digitalentz1\node_modules\mysql\lib\Pool.js:110:5)
    at Ping.<anonymous> (C:\Mohan\Project work\SRK Digital Technologies\digitalentz1\node_modules\mysql\lib\Connection.js:526:10)
    at Ping._callback (C:\Mohan\Project work\SRK Digital Technologies\digitalentz1\node_modules\mysql\lib\Connection.js:488:16)
    at Ping.Sequence.end (C:\Mohan\Project work\SRK Digital Technologies\digitalentz1\node_modules\mysql\lib\protocol\sequences\Sequence.js:83:24)
    at Ping.Sequence.OkPacket (C:\Mohan\Project work\SRK Digital Technologies\digitalentz1\node_modules\mysql\lib\protocol\sequences\Sequence.js:92:8)
    at Protocol._parsePacket (C:\Mohan\Project work\SRK Digital Technologies\digitalentz1\node_modules\mysql\lib\protocol\Protocol.js:291:23)
    at Parser._parsePacket (C:\Mohan\Project work\SRK Digital Technologies\digitalentz1\node_modules\mysql\lib\protocol\Parser.js:433:10) {
  code: 'ER_SP_DOES_NOT_EXIST',
  errno: 1305,
  sqlMessage: 'PROCEDURE product.PRDSP_METADATA_GET does not exist',
  sqlState: '42000',
  index: 0,
  sql: "CALL product.PRDSP_METADATA_GET('system','sys_sesq_autosequence','SESQ_SEQUENCE','1000',@return_code,@return_message); select @return_code return_code,@return_message return_message"
}
[2020-04-07T23:47:54.026] [ERROR] personaldetails - null
[2020-04-07T23:48:35.332] [ERROR] logger - null
[2020-04-07T23:48:35.333] [ERROR] logger - null
[2020-04-07T23:48:35.466] [ERROR] logger - null
[2020-04-07T23:48:35.469] [ERROR] logger - null
[2020-04-07T23:48:36.438] [ERROR] errorlogger - Error: ER_SP_DOES_NOT_EXIST: PROCEDURE product.PRDSP_METADATA_GET does not exist
    at Query.Sequence._packetToError (C:\Mohan\Project work\SRK Digital Technologies\digitalentz1\node_modules\mysql\lib\protocol\sequences\Sequence.js:47:14)
    at Query.ErrorPacket (C:\Mohan\Project work\SRK Digital Technologies\digitalentz1\node_modules\mysql\lib\protocol\sequences\Query.js:79:18)
    at Protocol._parsePacket (C:\Mohan\Project work\SRK Digital Technologies\digitalentz1\node_modules\mysql\lib\protocol\Protocol.js:291:23)
    at Parser._parsePacket (C:\Mohan\Project work\SRK Digital Technologies\digitalentz1\node_modules\mysql\lib\protocol\Parser.js:433:10)
    at Parser.write (C:\Mohan\Project work\SRK Digital Technologies\digitalentz1\node_modules\mysql\lib\protocol\Parser.js:43:10)
    at Protocol.write (C:\Mohan\Project work\SRK Digital Technologies\digitalentz1\node_modules\mysql\lib\protocol\Protocol.js:38:16)
    at Socket.<anonymous> (C:\Mohan\Project work\SRK Digital Technologies\digitalentz1\node_modules\mysql\lib\Connection.js:88:28)
    at Socket.<anonymous> (C:\Mohan\Project work\SRK Digital Technologies\digitalentz1\node_modules\mysql\lib\Connection.js:526:10)
    at Socket.emit (events.js:311:20)
    at addChunk (_stream_readable.js:294:12)
    --------------------
    at Protocol._enqueue (C:\Mohan\Project work\SRK Digital Technologies\digitalentz1\node_modules\mysql\lib\protocol\Protocol.js:144:48)
    at PoolConnection.query (C:\Mohan\Project work\SRK Digital Technologies\digitalentz1\node_modules\mysql\lib\Connection.js:198:25)
    at C:\Mohan\Project work\SRK Digital Technologies\digitalentz1\server\product\metadata.js:133:24
    at Ping.onOperationComplete (C:\Mohan\Project work\SRK Digital Technologies\digitalentz1\node_modules\mysql\lib\Pool.js:110:5)
    at Ping.<anonymous> (C:\Mohan\Project work\SRK Digital Technologies\digitalentz1\node_modules\mysql\lib\Connection.js:526:10)
    at Ping._callback (C:\Mohan\Project work\SRK Digital Technologies\digitalentz1\node_modules\mysql\lib\Connection.js:488:16)
    at Ping.Sequence.end (C:\Mohan\Project work\SRK Digital Technologies\digitalentz1\node_modules\mysql\lib\protocol\sequences\Sequence.js:83:24)
    at Ping.Sequence.OkPacket (C:\Mohan\Project work\SRK Digital Technologies\digitalentz1\node_modules\mysql\lib\protocol\sequences\Sequence.js:92:8)
    at Protocol._parsePacket (C:\Mohan\Project work\SRK Digital Technologies\digitalentz1\node_modules\mysql\lib\protocol\Protocol.js:291:23)
    at Parser._parsePacket (C:\Mohan\Project work\SRK Digital Technologies\digitalentz1\node_modules\mysql\lib\protocol\Parser.js:433:10) {
  code: 'ER_SP_DOES_NOT_EXIST',
  errno: 1305,
  sqlMessage: 'PROCEDURE product.PRDSP_METADATA_GET does not exist',
  sqlState: '42000',
  index: 0,
  sql: "CALL product.PRDSP_METADATA_GET('system','sys_sesq_autosequence','SESQ_SEQUENCE','1000',@return_code,@return_message); select @return_code return_code,@return_message return_message"
}
[2020-04-07T23:48:36.468] [ERROR] personaldetails - null
[2020-04-07T23:50:10.890] [ERROR] logger - null
[2020-04-07T23:50:12.914] [ERROR] logger - null
[2020-04-07T23:50:12.919] [ERROR] logger - null
[2020-04-07T23:50:12.920] [ERROR] logger - null
[2020-04-07T23:50:12.985] [ERROR] errorlogger - Error: ER_SP_DOES_NOT_EXIST: PROCEDURE product.PRDSP_METADATA_GET does not exist
    at Query.Sequence._packetToError (C:\Mohan\Project work\SRK Digital Technologies\digitalentz1\node_modules\mysql\lib\protocol\sequences\Sequence.js:47:14)
    at Query.ErrorPacket (C:\Mohan\Project work\SRK Digital Technologies\digitalentz1\node_modules\mysql\lib\protocol\sequences\Query.js:79:18)
    at Protocol._parsePacket (C:\Mohan\Project work\SRK Digital Technologies\digitalentz1\node_modules\mysql\lib\protocol\Protocol.js:291:23)
    at Parser._parsePacket (C:\Mohan\Project work\SRK Digital Technologies\digitalentz1\node_modules\mysql\lib\protocol\Parser.js:433:10)
    at Parser.write (C:\Mohan\Project work\SRK Digital Technologies\digitalentz1\node_modules\mysql\lib\protocol\Parser.js:43:10)
    at Protocol.write (C:\Mohan\Project work\SRK Digital Technologies\digitalentz1\node_modules\mysql\lib\protocol\Protocol.js:38:16)
    at Socket.<anonymous> (C:\Mohan\Project work\SRK Digital Technologies\digitalentz1\node_modules\mysql\lib\Connection.js:88:28)
    at Socket.<anonymous> (C:\Mohan\Project work\SRK Digital Technologies\digitalentz1\node_modules\mysql\lib\Connection.js:526:10)
    at Socket.emit (events.js:311:20)
    at addChunk (_stream_readable.js:294:12)
    --------------------
    at Protocol._enqueue (C:\Mohan\Project work\SRK Digital Technologies\digitalentz1\node_modules\mysql\lib\protocol\Protocol.js:144:48)
    at PoolConnection.query (C:\Mohan\Project work\SRK Digital Technologies\digitalentz1\node_modules\mysql\lib\Connection.js:198:25)
    at C:\Mohan\Project work\SRK Digital Technologies\digitalentz1\server\product\metadata.js:133:24
    at Ping.onOperationComplete (C:\Mohan\Project work\SRK Digital Technologies\digitalentz1\node_modules\mysql\lib\Pool.js:110:5)
    at Ping.<anonymous> (C:\Mohan\Project work\SRK Digital Technologies\digitalentz1\node_modules\mysql\lib\Connection.js:526:10)
    at Ping._callback (C:\Mohan\Project work\SRK Digital Technologies\digitalentz1\node_modules\mysql\lib\Connection.js:488:16)
    at Ping.Sequence.end (C:\Mohan\Project work\SRK Digital Technologies\digitalentz1\node_modules\mysql\lib\protocol\sequences\Sequence.js:83:24)
    at Ping.Sequence.OkPacket (C:\Mohan\Project work\SRK Digital Technologies\digitalentz1\node_modules\mysql\lib\protocol\sequences\Sequence.js:92:8)
    at Protocol._parsePacket (C:\Mohan\Project work\SRK Digital Technologies\digitalentz1\node_modules\mysql\lib\protocol\Protocol.js:291:23)
    at Parser._parsePacket (C:\Mohan\Project work\SRK Digital Technologies\digitalentz1\node_modules\mysql\lib\protocol\Parser.js:433:10) {
  code: 'ER_SP_DOES_NOT_EXIST',
  errno: 1305,
  sqlMessage: 'PROCEDURE product.PRDSP_METADATA_GET does not exist',
  sqlState: '42000',
  index: 0,
  sql: "CALL product.PRDSP_METADATA_GET('system','sys_sesq_autosequence','SESQ_SEQUENCE','1000',@return_code,@return_message); select @return_code return_code,@return_message return_message"
}
[2020-04-07T23:50:13.326] [ERROR] personaldetails - null
